Mplus VERSION 8.8 (Mac)
MUTHEN & MUTHEN
02/18/2024   7:42 PM

INPUT INSTRUCTIONS

  TITLE: Volume and Mania;


  DATA:  FILE is mania.data.dat;

  VARIABLE: NAMES ARE

  subnum_char_b age_b FEMALE_b np_ps_weight FAMID_b siten_b
  NHWHITE_b AFRICAN_b HISPANIC_b OTHER_b TICV_b
  COIL2_b COIL3_b COIL4_b COIL5_b income_b parent_education_b
  medication_b fsqc_qu_motion_b
  vol_1 vol_35 vol_2 vol_36 vol_3 vol_37 vol_4 vol_38 vol_5
  vol_39 vol_31 vol_65 vol_6 vol_40 vol_7 vol_41 vol_8 vol_42
  vol_9 vol_43 vol_34 vol_68 vol_12 vol_46 vol_11 vol_45 vol_10
  vol_44 vol_14 vol_48 vol_13 vol_47 vol_16 vol_50 vol_15 vol_49
  vol_18 vol_52 vol_17 vol_51 vol_19 vol_53 vol_24 vol_58 vol_20
  vol_54 vol_21 vol_55 vol_23 vol_57 vol_22 vol_56 vol_25 vol_59
  vol_26 vol_60 vol_30 vol_64 vol_27 vol_61 vol_28 vol_62 vol_29
  vol_63 vol_32 vol_66 vol_33 vol_67 vol_124 vol_138 vol_121 vol_136
  vol_119 vol_114 vol_132 vol_112 vol_130 vol_120 vol_135 vol_116 vol_134
  vol_115 vol_133 vol_113 vol_131 vol_125 vol_139 pgbi_p_ss_score_b
  pgbi_p_ss_score_2;

      USEVARIABLES ARE
      pgbi_p_ss_score_b
      vol_1 age_b FEMALE_b TICV_b
      COIL2_b COIL3_b COIL4_b COIL5_b parent_education_b
      medication_b;

      MISSING ARE .;
        WEIGHT = np_ps_weight;
        STRATIFICATION=siten_b;
        IDVARIABLE = subnum_char_b;
        CLUSTER=FAMID_b;

        DEFINE: STANDARDIZE
        vol_1 TICV_b;

        ANALYSIS:
        ESTIMATOR=WLSMV;
        ITERATIONS=500000;
        TYPE = COMPLEX;

      MODEL:

     pgbi_p_ss_score_b ON vol_1
      age_b FEMALE_b
      COIL2_b COIL3_b COIL4_b COIL5_b parent_education_b
      medication_b;

  OUTPUT: SAMPSTAT STDYX;



*** WARNING in ANALYSIS command
  Estimator WLSMV is not available for analysis with all continuous variables.
  Default estimator will be used.
*** WARNING in VARIABLE command
  Note that only the first 8 characters of variable names are used in the output.
  Shorten variable names to avoid any confusion.
*** WARNING in MODEL command
  Variable is uncorrelated with all other variables:  TICV_B
*** WARNING in MODEL command
  At least one variable is uncorrelated with all other variables in the model.
  Check that this is what is intended.
*** WARNING
  Clusters with the same IDs have been found in different strata.  These
  clusters are assumed to be different because clusters are not allowed
  to appear in more than one stratum.
*** WARNING
  Data set contains unknown or missing values for GROUPING,
  PATTERN, COHORT, CLUSTER and/or STRATIFICATION variables.
  Number of cases with unknown or missing values:  64
*** WARNING
  Data set contains cases with missing on x-variables.
  These cases were not included in the analysis.
  Number of cases with missing on x-variables:  87
   7 WARNING(S) FOUND IN THE INPUT INSTRUCTIONS



Volume and Mania;

SUMMARY OF ANALYSIS

Number of groups                                                 1
Number of observations                                       10667

Number of dependent variables                                    2
Number of independent variables                                  9
Number of continuous latent variables                            0

Observed dependent variables

  Continuous
   PGBI_P_SS_  TICV_B

Observed independent variables
   VOL_1       AGE_B       FEMALE_B    COIL2_B     COIL3_B     COIL4_B
   COIL5_B     PARENT_E    MEDICATI

Variables with special functions

  Stratification        SITEN_B
  Cluster variable      FAMID_B
  Weight variable       NP_PS_WE
  ID variable           SUBNUM_C

Estimator                                                      MLR
Information matrix                                        OBSERVED
Maximum number of iterations                                500000
Convergence criterion                                    0.500D-04
Maximum number of steepest descent iterations                   20
Maximum number of iterations for H1                           2000
Convergence criterion for H1                             0.100D-03

Input data file(s)
  mania.data.dat

Input data format  FREE


SUMMARY OF DATA

     Number of missing data patterns             2
     Number of strata                           22
     Number of clusters                       8982


COVARIANCE COVERAGE OF DATA

Minimum covariance coverage value   0.100


     PROPORTION OF DATA PRESENT


           Covariance Coverage
              PGBI_P_S      TICV_B        VOL_1         AGE_B         FEMALE_B
              ________      ________      ________      ________      ________
 PGBI_P_S       1.000
 TICV_B         1.000         1.000
 VOL_1          1.000         1.000         1.000
 AGE_B          1.000         1.000         1.000         1.000
 FEMALE_B       1.000         1.000         1.000         1.000         1.000
 COIL2_B        1.000         1.000         1.000         1.000         1.000
 COIL3_B        1.000         1.000         1.000         1.000         1.000
 COIL4_B        1.000         1.000         1.000         1.000         1.000
 COIL5_B        1.000         1.000         1.000         1.000         1.000
 PARENT_E       1.000         1.000         1.000         1.000         1.000
 MEDICATI       1.000         1.000         1.000         1.000         1.000


           Covariance Coverage
              COIL2_B       COIL3_B       COIL4_B       COIL5_B       PARENT_E
              ________      ________      ________      ________      ________
 COIL2_B        1.000
 COIL3_B        1.000         1.000
 COIL4_B        1.000         1.000         1.000
 COIL5_B        1.000         1.000         1.000         1.000
 PARENT_E       1.000         1.000         1.000         1.000         1.000
 MEDICATI       1.000         1.000         1.000         1.000         1.000


           Covariance Coverage
              MEDICATI
              ________
 MEDICATI       1.000


SAMPLE STATISTICS


     ESTIMATED SAMPLE STATISTICS


           Means
              PGBI_P_S      TICV_B        VOL_1         AGE_B         FEMALE_B
              ________      ________      ________      ________      ________
                1.433         0.000         0.000       119.385         0.502


           Means
              COIL2_B       COIL3_B       COIL4_B       COIL5_B       PARENT_E
              ________      ________      ________      ________      ________
                0.242         0.052         0.296         0.333        14.715


           Means
              MEDICATI
              ________
                1.640


           Covariances
              PGBI_P_S      TICV_B        VOL_1         AGE_B         FEMALE_B
              ________      ________      ________      ________      ________
 PGBI_P_S       8.625
 TICV_B        -0.192         1.000
 VOL_1         -0.093         0.401         1.000
 AGE_B         -0.558         0.516        -0.279        56.523
 FEMALE_B      -0.078        -0.224        -0.111        -0.102         0.250
 COIL2_B       -0.014        -0.135         0.032        -0.158         0.004
 COIL3_B       -0.036        -0.017        -0.016         0.093         0.001
 COIL4_B        0.082         0.080        -0.004         0.035        -0.006
 COIL5_B        0.005         0.082        -0.004         0.091        -0.001
 PARENT_E      -1.268         0.465         0.276         0.288        -0.002
 MEDICATI      -0.335        -0.053        -0.037        -0.143         0.032


           Covariances
              COIL2_B       COIL3_B       COIL4_B       COIL5_B       PARENT_E
              ________      ________      ________      ________      ________
 COIL2_B        0.183
 COIL3_B       -0.013         0.049
 COIL4_B       -0.072        -0.015         0.208
 COIL5_B       -0.081        -0.017        -0.099         0.222
 PARENT_E      -0.039         0.013        -0.047         0.051         7.531
 MEDICATI      -0.017         0.004        -0.022         0.013        -0.317


           Covariances
              MEDICATI
              ________
 MEDICATI       2.179


           Correlations
              PGBI_P_S      TICV_B        VOL_1         AGE_B         FEMALE_B
              ________      ________      ________      ________      ________
 PGBI_P_S       1.000
 TICV_B        -0.065         1.000
 VOL_1         -0.032         0.401         1.000
 AGE_B         -0.025         0.069        -0.037         1.000
 FEMALE_B      -0.053        -0.449        -0.223        -0.027         1.000
 COIL2_B       -0.011        -0.314         0.075        -0.049         0.021
 COIL3_B       -0.055        -0.079        -0.074         0.056         0.011
 COIL4_B        0.062         0.175        -0.008         0.010        -0.024
 COIL5_B        0.003         0.175        -0.009         0.026        -0.002
 PARENT_E      -0.157         0.169         0.101         0.014        -0.001
 MEDICATI      -0.077        -0.036        -0.025        -0.013         0.043


           Correlations
              COIL2_B       COIL3_B       COIL4_B       COIL5_B       PARENT_E
              ________      ________      ________      ________      ________
 COIL2_B        1.000
 COIL3_B       -0.132         1.000
 COIL4_B       -0.366        -0.152         1.000
 COIL5_B       -0.399        -0.165        -0.458         1.000
 PARENT_E      -0.034         0.021        -0.037         0.039         1.000
 MEDICATI      -0.027         0.013        -0.033         0.019        -0.078


           Correlations
              MEDICATI
              ________
 MEDICATI       1.000


     MAXIMUM LOG-LIKELIHOOD VALUE FOR THE UNRESTRICTED (H1) MODEL IS -153704.082


UNIVARIATE SAMPLE STATISTICS


     UNIVARIATE HIGHER-ORDER MOMENT DESCRIPTIVE STATISTICS

         Variable/         Mean/     Skewness/   Minimum/ % with                Percentiles
        Sample Size      Variance    Kurtosis    Maximum  Min/Max      20%/60%    40%/80%    Median

     PGBI_P_SS_SCORE       1.433       3.270       0.000   63.75%       0.000      0.000      0.000
           10662.000       8.625      13.519      28.000    0.01%       0.000      2.000
     TICV_B                0.000       0.153      -3.421    0.01%      -0.807     -0.240      0.014
           10667.000       1.000       0.014       4.191    0.01%       0.272      0.892
     VOL_1                 0.000       0.614      -3.244    0.01%      -0.837     -0.325     -0.087
           10667.000       1.000       0.743       5.706    0.01%       0.165      0.800
     AGE_B               119.385      -0.028     107.000    1.13%     111.000    116.000    119.000
           10667.000      56.523      -1.275     133.000    0.01%     122.000    127.000
     FEMALE_B              0.502      -0.009       0.000   51.53%       0.000      0.000      0.000
           10667.000       0.250      -2.000       1.000   48.47%       1.000      1.000
     COIL2_B               0.242       1.206       0.000   76.44%       0.000      0.000      0.000
           10667.000       0.183      -0.545       1.000   23.56%       0.000      1.000
     COIL3_B               0.052       4.040       0.000   95.64%       0.000      0.000      0.000
           10667.000       0.049      14.325       1.000    4.36%       0.000      0.000
     COIL4_B               0.296       0.894       0.000   72.84%       0.000      0.000      0.000
           10667.000       0.208      -1.201       1.000   27.16%       0.000      1.000
     COIL5_B               0.333       0.707       0.000   63.37%       0.000      0.000      0.000
           10667.000       0.222      -1.500       1.000   36.63%       0.000      1.000
     PARENT_EDUCATIO      14.715      -0.301       1.000    0.02%      13.000     14.000     16.000
           10667.000       7.531       0.560      20.000    6.07%      16.000     18.000
     MEDICATION_B          1.640      -0.168       0.000   43.64%       0.000      0.000      3.000
           10667.000       2.179      -1.935       4.000    0.26%       3.000      3.000


THE MODEL ESTIMATION TERMINATED NORMALLY



MODEL FIT INFORMATION

Number of Free Parameters                       13

Loglikelihood

          H0 Value                      -41517.209
          H0 Scaling Correction Factor      2.1820
            for MLR
          H1 Value                      -38344.935
          H1 Scaling Correction Factor      1.8552
            for MLR

Information Criteria

          Akaike (AIC)                   83060.418
          Bayesian (BIC)                 83154.992
          Sample-Size Adjusted BIC       83113.680
            (n* = (n + 2) / 24)

Chi-Square Test of Model Fit

          Value                           4435.797*
          Degrees of Freedom                    10
          P-Value                           0.0000
          Scaling Correction Factor         1.4303
            for MLR

*   The chi-square value for MLM, MLMV, MLR, ULSMV, WLSM and WLSMV cannot be used
    for chi-square difference testing in the regular way.  MLM, MLR and WLSM
    chi-square difference testing is described on the Mplus website.  MLMV, WLSMV,
    and ULSMV difference testing is done using the DIFFTEST option.

RMSEA (Root Mean Square Error Of Approximation)

          Estimate                           0.204
          90 Percent C.I.                    0.199  0.209
          Probability RMSEA <= .05           0.000

CFI/TLI

          CFI                                0.082
          TLI                                0.000

Chi-Square Test of Model Fit for the Baseline Model

          Value                           4841.907
          Degrees of Freedom                    19
          P-Value                           0.0000

SRMR (Standardized Root Mean Square Residual)

          Value                              0.157



MODEL RESULTS

                                                    Two-Tailed
                    Estimate       S.E.  Est./S.E.    P-Value

 PGBI_P_S ON
    VOL_1             -0.102      0.035     -2.918      0.004
    AGE_B             -0.010      0.005     -2.288      0.022
    FEMALE_B          -0.331      0.070     -4.755      0.000
    COIL2_B            0.321      0.103      3.124      0.002
    COIL3_B           -0.234      0.134     -1.744      0.081
    COIL4_B            0.639      0.105      6.060      0.000
    COIL5_B            0.453      0.096      4.722      0.000
    PARENT_EDU        -0.168      0.014    -12.426      0.000
    MEDICATION        -0.169      0.024     -7.123      0.000

 Means
    TICV_B             0.000      0.011      0.000      1.000

 Intercepts
    PGBI_P_SS_         5.188      0.575      9.028      0.000

 Variances
    TICV_B             1.000      0.016     62.072      0.000

 Residual Variances
    PGBI_P_SS_         8.255      0.385     21.462      0.000


QUALITY OF NUMERICAL RESULTS

     Condition Number for the Information Matrix              0.107E-05
       (ratio of smallest to largest eigenvalue)


STANDARDIZED MODEL RESULTS


STDYX Standardization

                                                    Two-Tailed
                    Estimate       S.E.  Est./S.E.    P-Value

 PGBI_P_S ON
    VOL_1             -0.035      0.012     -2.928      0.003
    AGE_B             -0.027      0.012     -2.288      0.022
    FEMALE_B          -0.056      0.012     -4.809      0.000
    COIL2_B            0.047      0.015      3.158      0.002
    COIL3_B           -0.018      0.010     -1.741      0.082
    COIL4_B            0.099      0.016      6.240      0.000
    COIL5_B            0.073      0.015      4.810      0.000
    PARENT_EDU        -0.157      0.012    -13.140      0.000
    MEDICATION        -0.085      0.012     -7.262      0.000

 Means
    TICV_B             0.000      0.011      0.000      1.000

 Intercepts
    PGBI_P_SS_         1.767      0.193      9.173      0.000

 Variances
    TICV_B             1.000      0.000    999.000    999.000

 Residual Variances
    PGBI_P_SS_         0.957      0.005    195.820      0.000


R-SQUARE

    Observed                                        Two-Tailed
    Variable        Estimate       S.E.  Est./S.E.    P-Value

    PGBI_P_S           0.043      0.005      8.779      0.000


     Beginning Time:  19:42:44
        Ending Time:  19:42:44
       Elapsed Time:  00:00:00



MUTHEN & MUTHEN
3463 Stoner Ave.
Los Angeles, CA  90066

Tel: (310) 391-9971
Fax: (310) 391-8971
Web: www.StatModel.com
Support: Support@StatModel.com

Copyright (c) 1998-2022 Muthen & Muthen
