Mplus VERSION 8.8 (Mac)
MUTHEN & MUTHEN
02/18/2024   9:57 PM

INPUT INSTRUCTIONS

  TITLE: Volume and Mania;


  DATA:  FILE is mania.data.dat;

  VARIABLE: NAMES ARE

  subnum_char_b age_b FEMALE_b np_ps_weight FAMID_b siten_b
  NHWHITE_b AFRICAN_b HISPANIC_b OTHER_b TICV_b
  COIL2_b COIL3_b COIL4_b COIL5_b income_b parent_education_b
  medication_b fsqc_qu_motion_b
  vol_1 vol_35 vol_2 vol_36 vol_3 vol_37 vol_4 vol_38 vol_5
  vol_39 vol_31 vol_65 vol_6 vol_40 vol_7 vol_41 vol_8 vol_42
  vol_9 vol_43 vol_34 vol_68 vol_12 vol_46 vol_11 vol_45 vol_10
  vol_44 vol_14 vol_48 vol_13 vol_47 vol_16 vol_50 vol_15 vol_49
  vol_18 vol_52 vol_17 vol_51 vol_19 vol_53 vol_24 vol_58 vol_20
  vol_54 vol_21 vol_55 vol_23 vol_57 vol_22 vol_56 vol_25 vol_59
  vol_26 vol_60 vol_30 vol_64 vol_27 vol_61 vol_28 vol_62 vol_29
  vol_63 vol_32 vol_66 vol_33 vol_67 vol_124 vol_138 vol_121 vol_136
  vol_119 vol_114 vol_132 vol_112 vol_130 vol_120 vol_135 vol_116 vol_134
  vol_115 vol_133 vol_113 vol_131 vol_125 vol_139 pgbi_p_ss_score_b
  pgbi_p_ss_score_2;

      USEVARIABLES ARE
      pgbi_p_ss_score_b
      vol_1 age_b FEMALE_b
      COIL2_b COIL3_b COIL4_b COIL5_b parent_education_b
      medication_b TICV_b;

      MISSING ARE .;
        WEIGHT = np_ps_weight;
        STRATIFICATION=siten_b;
        IDVARIABLE = subnum_char_b;
        CLUSTER=FAMID_b;

        DEFINE: STANDARDIZE
        vol_1 TICV_b;

        ANALYSIS:
        ESTIMATOR=WLSMV;
        ITERATIONS=500000;
        TYPE = COMPLEX;

      MODEL:
     pgbi_p_ss_score_b ON vol_1 age_b FEMALE_b
      COIL2_b COIL3_b COIL4_b COIL5_b parent_education_b
      medication_b TICV_b;

  OUTPUT: SAMPSTAT STDYX;



*** WARNING in ANALYSIS command
  Estimator WLSMV is not available for analysis with all continuous variables.
  Default estimator will be used.
*** WARNING in VARIABLE command
  Note that only the first 8 characters of variable names are used in the output.
  Shorten variable names to avoid any confusion.
*** WARNING
  Clusters with the same IDs have been found in different strata.  These
  clusters are assumed to be different because clusters are not allowed
  to appear in more than one stratum.
*** WARNING
  Data set contains unknown or missing values for GROUPING,
  PATTERN, COHORT, CLUSTER and/or STRATIFICATION variables.
  Number of cases with unknown or missing values:  64
*** WARNING
  Data set contains cases with missing on x-variables.
  These cases were not included in the analysis.
  Number of cases with missing on x-variables:  87
*** WARNING
  Data set contains cases with missing on all variables except
  x-variables.  These cases were not included in the analysis.
  Number of cases with missing on all variables except x-variables:  5
   6 WARNING(S) FOUND IN THE INPUT INSTRUCTIONS



Volume and Mania;

SUMMARY OF ANALYSIS

Number of groups                                                 1
Number of observations                                       10662

Number of dependent variables                                    1
Number of independent variables                                 10
Number of continuous latent variables                            0

Observed dependent variables

  Continuous
   PGBI_P_SS_

Observed independent variables
   VOL_1       AGE_B       FEMALE_B    COIL2_B     COIL3_B     COIL4_B
   COIL5_B     PARENT_E    MEDICATI    TICV_B

Variables with special functions

  Stratification        SITEN_B
  Cluster variable      FAMID_B
  Weight variable       NP_PS_WE
  ID variable           SUBNUM_C

Estimator                                                      MLR
Information matrix                                        OBSERVED
Maximum number of iterations                                500000
Convergence criterion                                    0.500D-04
Maximum number of steepest descent iterations                   20
Maximum number of iterations for H1                           2000
Convergence criterion for H1                             0.100D-03

Input data file(s)
  mania.data.dat

Input data format  FREE


SUMMARY OF DATA

     Number of missing data patterns             1
     Number of strata                           22
     Number of clusters                       8980


COVARIANCE COVERAGE OF DATA

Minimum covariance coverage value   0.100


     PROPORTION OF DATA PRESENT


           Covariance Coverage
              PGBI_P_S      VOL_1         AGE_B         FEMALE_B      COIL2_B
              ________      ________      ________      ________      ________
 PGBI_P_S       1.000
 VOL_1          1.000         1.000
 AGE_B          1.000         1.000         1.000
 FEMALE_B       1.000         1.000         1.000         1.000
 COIL2_B        1.000         1.000         1.000         1.000         1.000
 COIL3_B        1.000         1.000         1.000         1.000         1.000
 COIL4_B        1.000         1.000         1.000         1.000         1.000
 COIL5_B        1.000         1.000         1.000         1.000         1.000
 PARENT_E       1.000         1.000         1.000         1.000         1.000
 MEDICATI       1.000         1.000         1.000         1.000         1.000
 TICV_B         1.000         1.000         1.000         1.000         1.000


           Covariance Coverage
              COIL3_B       COIL4_B       COIL5_B       PARENT_E      MEDICATI
              ________      ________      ________      ________      ________
 COIL3_B        1.000
 COIL4_B        1.000         1.000
 COIL5_B        1.000         1.000         1.000
 PARENT_E       1.000         1.000         1.000         1.000
 MEDICATI       1.000         1.000         1.000         1.000         1.000
 TICV_B         1.000         1.000         1.000         1.000         1.000


           Covariance Coverage
              TICV_B
              ________
 TICV_B         1.000


SAMPLE STATISTICS


     ESTIMATED SAMPLE STATISTICS


           Means
              PGBI_P_S      VOL_1         AGE_B         FEMALE_B      COIL2_B
              ________      ________      ________      ________      ________
                1.433         0.000       119.386         0.502         0.242


           Means
              COIL3_B       COIL4_B       COIL5_B       PARENT_E      MEDICATI
              ________      ________      ________      ________      ________
                0.052         0.296         0.333        14.716         1.640


           Means
              TICV_B
              ________
                0.000


           Covariances
              PGBI_P_S      VOL_1         AGE_B         FEMALE_B      COIL2_B
              ________      ________      ________      ________      ________
 PGBI_P_S       8.625
 VOL_1         -0.093         1.000
 AGE_B         -0.558        -0.281        56.508
 FEMALE_B      -0.078        -0.111        -0.100         0.250
 COIL2_B       -0.014         0.032        -0.159         0.004         0.183
 COIL3_B       -0.036        -0.016         0.093         0.001        -0.013
 COIL4_B        0.083        -0.004         0.035        -0.006        -0.072
 COIL5_B        0.005        -0.004         0.092        -0.001        -0.081
 PARENT_E      -1.269         0.276         0.287        -0.002        -0.039
 MEDICATI      -0.335        -0.037        -0.141         0.032        -0.017
 TICV_B        -0.192         0.401         0.514        -0.224        -0.135


           Covariances
              COIL3_B       COIL4_B       COIL5_B       PARENT_E      MEDICATI
              ________      ________      ________      ________      ________
 COIL3_B        0.049
 COIL4_B       -0.015         0.208
 COIL5_B       -0.017        -0.099         0.222
 PARENT_E       0.013        -0.047         0.051         7.534
 MEDICATI       0.004        -0.022         0.013        -0.316         2.180
 TICV_B        -0.017         0.080         0.082         0.465        -0.053


           Covariances
              TICV_B
              ________
 TICV_B         1.000


           Correlations
              PGBI_P_S      VOL_1         AGE_B         FEMALE_B      COIL2_B
              ________      ________      ________      ________      ________
 PGBI_P_S       1.000
 VOL_1         -0.032         1.000
 AGE_B         -0.025        -0.037         1.000
 FEMALE_B      -0.053        -0.222        -0.027         1.000
 COIL2_B       -0.011         0.075        -0.049         0.021         1.000
 COIL3_B       -0.055        -0.074         0.056         0.011        -0.132
 COIL4_B        0.062        -0.008         0.010        -0.024        -0.366
 COIL5_B        0.003        -0.009         0.026        -0.002        -0.399
 PARENT_E      -0.157         0.101         0.014        -0.001        -0.034
 MEDICATI      -0.077        -0.025        -0.013         0.043        -0.027
 TICV_B        -0.065         0.401         0.068        -0.449        -0.314


           Correlations
              COIL3_B       COIL4_B       COIL5_B       PARENT_E      MEDICATI
              ________      ________      ________      ________      ________
 COIL3_B        1.000
 COIL4_B       -0.152         1.000
 COIL5_B       -0.165        -0.458         1.000
 PARENT_E       0.021        -0.037         0.039         1.000
 MEDICATI       0.013        -0.033         0.019        -0.078         1.000
 TICV_B        -0.079         0.175         0.175         0.169        -0.036


           Correlations
              TICV_B
              ________
 TICV_B         1.000


     MAXIMUM LOG-LIKELIHOOD VALUE FOR THE UNRESTRICTED (H1) MODEL IS -153646.782


UNIVARIATE SAMPLE STATISTICS


     UNIVARIATE HIGHER-ORDER MOMENT DESCRIPTIVE STATISTICS

         Variable/         Mean/     Skewness/   Minimum/ % with                Percentiles
        Sample Size      Variance    Kurtosis    Maximum  Min/Max      20%/60%    40%/80%    Median

     PGBI_P_SS_SCORE       1.433       3.270       0.000   63.75%       0.000      0.000      0.000
           10662.000       8.625      13.519      28.000    0.01%       0.000      2.000
     VOL_1                 0.000       0.615      -3.244    0.01%      -0.837     -0.324     -0.087
           10662.000       1.000       0.743       5.706    0.01%       0.165      0.800
     AGE_B               119.386      -0.028     107.000    1.13%     111.000    116.000    119.000
           10662.000      56.508      -1.275     133.000    0.01%     122.000    127.000
     FEMALE_B              0.502      -0.009       0.000   51.53%       0.000      0.000      0.000
           10662.000       0.250      -2.000       1.000   48.47%       1.000      1.000
     COIL2_B               0.242       1.205       0.000   76.43%       0.000      0.000      0.000
           10662.000       0.183      -0.547       1.000   23.57%       0.000      1.000
     COIL3_B               0.052       4.039       0.000   95.64%       0.000      0.000      0.000
           10662.000       0.049      14.315       1.000    4.36%       0.000      0.000
     COIL4_B               0.296       0.894       0.000   72.85%       0.000      0.000      0.000
           10662.000       0.208      -1.200       1.000   27.15%       0.000      1.000
     COIL5_B               0.333       0.707       0.000   63.37%       0.000      0.000      0.000
           10662.000       0.222      -1.500       1.000   36.63%       0.000      1.000
     PARENT_EDUCATIO      14.716      -0.302       1.000    0.02%      13.000     14.000     16.000
           10662.000       7.534       0.560      20.000    6.08%      16.000     18.000
     MEDICATION_B          1.640      -0.167       0.000   43.65%       0.000      0.000      3.000
           10662.000       2.180      -1.935       4.000    0.26%       3.000      3.000
     TICV_B                0.000       0.153      -3.421    0.01%      -0.807     -0.239      0.014
           10662.000       1.000       0.016       4.192    0.01%       0.273      0.892


THE MODEL ESTIMATION TERMINATED NORMALLY



MODEL FIT INFORMATION

Number of Free Parameters                       12

Loglikelihood

          H0 Value                      -26335.320
          H0 Scaling Correction Factor      2.2525
            for MLR
          H1 Value                      -26335.320
          H1 Scaling Correction Factor      2.2525
            for MLR

Information Criteria

          Akaike (AIC)                   52694.640
          Bayesian (BIC)                 52781.934
          Sample-Size Adjusted BIC       52743.799
            (n* = (n + 2) / 24)

Chi-Square Test of Model Fit

          Value                              0.000*
          Degrees of Freedom                     0
          P-Value                           0.0000
          Scaling Correction Factor         1.0000
            for MLR

*   The chi-square value for MLM, MLMV, MLR, ULSMV, WLSM and WLSMV cannot be used
    for chi-square difference testing in the regular way.  MLM, MLR and WLSM
    chi-square difference testing is described on the Mplus website.  MLMV, WLSMV,
    and ULSMV difference testing is done using the DIFFTEST option.

RMSEA (Root Mean Square Error Of Approximation)

          Estimate                           0.000
          90 Percent C.I.                    0.000  0.000
          Probability RMSEA <= .05           0.000

CFI/TLI

          CFI                                1.000
          TLI                                1.000

Chi-Square Test of Model Fit for the Baseline Model

          Value                            406.552
          Degrees of Freedom                    10
          P-Value                           0.0000

SRMR (Standardized Root Mean Square Residual)

          Value                              0.000



MODEL RESULTS

                                                    Two-Tailed
                    Estimate       S.E.  Est./S.E.    P-Value

 PGBI_P_S ON
    VOL_1              0.013      0.038      0.350      0.726
    AGE_B             -0.008      0.005     -1.718      0.086
    FEMALE_B          -0.593      0.079     -7.511      0.000
    COIL2_B            0.152      0.104      1.464      0.143
    COIL3_B           -0.285      0.134     -2.118      0.034
    COIL4_B            0.770      0.109      7.062      0.000
    COIL5_B            0.575      0.098      5.845      0.000
    PARENT_EDU        -0.152      0.013    -11.340      0.000
    MEDICATION        -0.170      0.024     -7.208      0.000
    TICV_B            -0.358      0.049     -7.365      0.000

 Intercepts
    PGBI_P_SS_         4.728      0.571      8.283      0.000

 Residual Variances
    PGBI_P_SS_         8.184      0.376     21.784      0.000


QUALITY OF NUMERICAL RESULTS

     Condition Number for the Information Matrix              0.102E-05
       (ratio of smallest to largest eigenvalue)


STANDARDIZED MODEL RESULTS


STDYX Standardization

                                                    Two-Tailed
                    Estimate       S.E.  Est./S.E.    P-Value

 PGBI_P_S ON
    VOL_1              0.005      0.013      0.350      0.726
    AGE_B             -0.020      0.012     -1.715      0.086
    FEMALE_B          -0.101      0.013     -7.888      0.000
    COIL2_B            0.022      0.015      1.467      0.142
    COIL3_B           -0.022      0.010     -2.117      0.034
    COIL4_B            0.120      0.016      7.377      0.000
    COIL5_B            0.092      0.015      6.033      0.000
    PARENT_EDU        -0.142      0.012    -11.701      0.000
    MEDICATION        -0.085      0.012     -7.348      0.000
    TICV_B            -0.122      0.015     -7.908      0.000

 Intercepts
    PGBI_P_SS_         1.610      0.193      8.330      0.000

 Residual Variances
    PGBI_P_SS_         0.949      0.005    177.513      0.000


R-SQUARE

    Observed                                        Two-Tailed
    Variable        Estimate       S.E.  Est./S.E.    P-Value

    PGBI_P_S           0.051      0.005      9.578      0.000


     Beginning Time:  21:57:46
        Ending Time:  21:57:47
       Elapsed Time:  00:00:01



MUTHEN & MUTHEN
3463 Stoner Ave.
Los Angeles, CA  90066

Tel: (310) 391-9971
Fax: (310) 391-8971
Web: www.StatModel.com
Support: Support@StatModel.com

Copyright (c) 1998-2022 Muthen & Muthen
